undefined
* NOTE: Consider shorter lines; 30 lines (1%) are > 80 characters long.
First few lines:
R/crane.R#L203     cores <- if (parallel::detectCores()...
R/datagen.R#L105   noise.matrix <- matrix(dist(ngenes * n...
R/dirac.R#L 69 #' @param bootstrap_iterations Number of...
R/dirac.R#L163 #' @param names optional Character vecto...
R/dirac.R#L541     cores <- if (parallel::detectCores()...
R/dirac.R#L622                                         ...
R/dirac.R#L645 dirac.compare_phenotype.single <- functi...
R/dirac.R#L778     cores <- if (parallel::detectCores()...
R/dirac.R#L824     res <- unlist(lapply(1:bootstrap_ite...
R/infer.R#L288                                      boo...
R/infer.R#L315     cores <- if (parallel::detectCores()...
R/race.R#L205                                     boot...
R/race.R#L223     cores <- if (parallel::detectCores()...
man/datagen.unordered.matrix.Rd#L  5 \title{Generate unordered expression mat...
man/datagen.unordered.vector.Rd#L  5 \title{Generate unordered expression vec...
man/dirac.classification_rate.compare.Rd#L 47 \code{dirac.classification_rate.compare}...
man/DIRAC.classifier.Rd#L 39 \item{names}{optional Character vector w...
man/dirac.compare_phenotype.shuffle.Rd#L 40 \code{dirac.compare_phenotype.shuffle}co...
man/dirac.compare_phenotype.single.Rd#L 21 \code{dirac.compare_phenotype.single}com...
man/DIRAC.compare_phenotypes.Rd#L 58 \code{p2.rank_conservation_index}, \code...
man/DIRAC.compare_phenotypes.Rd#L 62 \verb{$p2.rank_conservation_index}, \ver...
man/DIRAC.compare_phenotypes.Rd#L 66 \code{DIRAC.compare_phenotypes} computes...
man/dirac.rank_matching_score.vector.Rd#L 19 \code{dirac.rank_matching_score.vector} ...
man/dirac.rank_template.Rd#L 16 \code{dirac.rank_template} creates a DIR...
man/Gnat-package.Rd#L  9 Functions for evaluating the rank entrop...
man/Gnat-package.Rd#L 12 \strong{Maintainer}: Braden Griebel \ema...
man/infer.compare_phenotypes.Rd#L  5 \title{Compute the rank entropy differen...
man/infer.compare_phenotypes.shuffle.Rd#L  5 \title{Find the absolute difference betw...
man/infer.compare_phenotypes.single.Rd#L  5 \title{Calculate the absolute difference...
man/race.compare_phenotypes.single.Rd#L 22 \code{race.compare_phenotypes.single} co...
* NOTE: Consider multiples of 4 spaces for line indents; 763 lines (20%) are not.
First few lines:
R/bootstrap_score.R#L 23                                phenotype...
R/bootstrap_score.R#L 24                                bootstrap...
R/bootstrap_score.R#L 25                                replace=T...
R/bootstrap_score.R#L 26   # Ensure list is named...
R/bootstrap_score.R#L 27   geneNetworkList <- ensure_named(geneNe...
R/bootstrap_score.R#L 28   # Run the bootstrapping...
R/bootstrap_score.R#L 29   resList <- lapply(geneNetworkList, com...
R/bootstrap_score.R#L 30                      expression=expressi...
R/bootstrap_score.R#L 31                      phenotype2=phenotyp...
R/bootstrap_score.R#L 32                      bootstrapIterations...
R/bootstrap_score.R#L 33                      replace = replace)...
R/bootstrap_score.R#L 34   if(!asFrame){...
R/bootstrap_score.R#L 37   }...
R/bootstrap_score.R#L 38   p1ScoreList <- sapply(resList, functio...
R/bootstrap_score.R#L 39   p2ScoreList <- sapply(resList, functio...
R/bootstrap_score.R#L 40   absoluteDifferenceList <- sapply(resLi...
R/bootstrap_score.R#L 41                                      fun...
R/bootstrap_score.R#L 42   pValuesList <- sappy(resList, function...
R/bootstrap_score.R#L 43   geneNetworks <- names(geneNetworkList)...
R/bootstrap_score.R#L 44   data.frame(...
R/bootstrap_score.R#L 50   )...
R/bootstrap_score.R#L 79                                       sc...
R/bootstrap_score.R#L 80   p1_rank_matrix <- rank_matrix[,phenoty...
R/bootstrap_score.R#L 81   p2_rank_matrix <- rank_matrix[,phenoty...
R/bootstrap_score.R#L 82   p1_score <- score_fun(p1_rank_matrix)...
R/bootstrap_score.R#L 83   p2_score <- score_fun(p2_rank_matrix)...
R/bootstrap_score.R#L 84   abs(p1_score-p2_score)...
R/bootstrap_score.R#L123                            score_fun, re...
R/bootstrap_score.R#L124   if(replace){...
R/bootstrap_score.R#L127   } else {...
R/bootstrap_score.R#L130   }...
R/bootstrap_score.R#L131   compare_phenotypes_single(rank_matrix ...
R/bootstrap_score.R#L132                      phenotype2 = p2_idx...
R/bootstrap_score.R#L161   # Get the lengths of the phenotypes...
R/bootstrap_score.R#L162   p1_size <- length(phenotype1)...
R/bootstrap_score.R#L163   p2_size <- length(phenotype2)...
R/bootstrap_score.R#L164   # Get the combined phenotype index vec...
R/bootstrap_score.R#L165   combined_phenotypes <- c(phenotype1, p...
R/bootstrap_score.R#L166   # Compute the rank matrix using the pr...
R/bootstrap_score.R#L167   rank_matrix <- rankFun(expression[gene...
R/bootstrap_score.R#L168   # Compute the unshuffled score for the...
R/bootstrap_score.R#L169   p1_score <- scoreFun(rank_matrix[,phen...
R/bootstrap_score.R#L170   p2_score <- scoreFun(rank_matrix[,phen...
R/bootstrap_score.R#L171   abs_diff <- abs(p1_score-p2_score)...
R/bootstrap_score.R#L172   res <- unlist(bplapply(seq_len(bootstr...
R/bootstrap_score.R#L173                          rank_matrix = r...
R/bootstrap_score.R#L174                          p2_size=p2_size...
R/bootstrap_score.R#L175   # Create the empirical CDF...
R/bootstrap_score.R#L176   boot_cdf <- stats::ecdf(res)...
R/bootstrap_score.R#L177   p_value <- 1-boot_cdf(abs_diff)...
R/bootstrap_score.R#L178   # Return results list...
R/bootstrap_score.R#L179   list(...
R/bootstrap_score.R#L184   )...
R/crane.R#L 36                   bootstrap_iterations =...
R/crane.R#L 37                   replace = TRUE, seed =...
R/crane.R#L 38   # Ensure that the gene_network_list is...
R/crane.R#L 39   gene_network_list <- ensure_named(gene...
R/crane.R#L 40   # Run the crane.compare_phenotypes...
R/crane.R#L 41   res_list <- lapply(gene_network_list, ...
R/crane.R#L 47   )...
R/crane.R#L 48   if (!as.frame) {...
R/crane.R#L 51   } else {...
R/crane.R#L 53       sapply(res_list, function(x) x$p1....
R/crane.R#L 55       sapply(res_list, function(x) x$p2....
R/crane.R#L 57       res_list, function(x) x$absolute_d...
R/crane.R#L 62       gene_network = gene_network.names,...
R/crane.R#L 63       p1.mean_centroid_distance = p1.mea...
R/crane.R#L 64       p2.mean_centroid_distance = p2.mea...
R/crane.R#L 65       absolute_difference = absolute_dif...
R/crane.R#L 66       p.value = p.values.list...
R/crane.R#L 69   }...
R/crane.R#L 88   apply(expression.filtered, MARGIN = 2,...
R/crane.R#L101   centroid <- apply(rank_matrix, MARGIN ...
R/crane.R#L102   sd <- (rank_matrix - centroid)^2...
R/crane.R#L103   mean(sqrt(apply(sd, MARGIN = 2, sum)))...
R/crane.R#L119   # Get the rank matrix for each phenoty...
R/crane.R#L120   p1.rank_matrix <- rank_matrix[, phenot...
R/crane.R#L121   p2.rank_matrix <- rank_matrix[, phenot...
R/crane.R#L122   # Get the mean rank centroid differenc...
R/crane.R#L123   p1.mean_centroid_distance <- crane.mea...
R/crane.R#L124   p2.mean_centroid_distance <- crane.mea...
R/crane.R#L125   # Return the absolute value of the dif...
R/crane.R#L126   # between the two phenotypes...
R/crane.R#L127   abs(p1.mean_centroid_distance - p2.mea...
R/crane.R#L145                                         ...
R/crane.R#L146   if (replace) {...
R/crane.R#L149   } else {...
R/crane.R#L152   }...
R/crane.R#L153   crane.compare_phenotypes.single(...
R/crane.R#L157   )...
R/crane.R#L183                                      phe...
R/crane.R#L184                                      par...
R/crane.R#L185                                      see...
R/crane.R#L186   # Get the sizes of the phenotypes...
R/crane.R#L187   p1.size <- length(phenotype1)...
R/crane.R#L188   p2.size <- length(phenotype2)...
R/crane.R#L189   # Get the combined phenotype index vec...
R/crane.R#L190   combined <- c(phenotype1, phenotype2)...
R/crane.R#L191   # Compute the rank matrix...
R/crane.R#L192   rank_matrix <- crane.rank_matrix(expre...
R/crane.R#L193   # Find the centroid difference for the...
R/crane.R#L194   p1.mean_centroid_distance <- crane.mea...
R/crane.R#L196   )...
R/crane.R#L197   p2.mean_centroid_distance <- crane.mea...
R/crane.R#L199   )...
R/crane.R#L200   abs_diff <- abs(p1.mean_centroid_dista...
R/crane.R#L201   # Perform bootstrapping to create the ...
R/crane.R#L202   if (parallel) {...
R/crane.R#L204   }...
R/crane.R#L205   os_type <- .Platform$OS.type...
R/crane.R#L206   if (parallel) {...
R/crane.R#L208       # Set Seed...
R/crane.R#L209       set.seed(seed, "L'Ecuyer")...
R/crane.R#L210       # Use multicore apply...
R/crane.R#L211       res <- unlist(parallel::mclapply(1...
R/crane.R#L217       ))...
R/crane.R#L219       # Create the cluster...
R/crane.R#L220       cl <- parallel::makeCluster(cores)...
R/crane.R#L221       # Set the RNG stream seed...
R/crane.R#L222       parallel::clusterSetRNGStream(cl, ...
R/crane.R#L223       # Export the needed functions...
R/crane.R#L224       parallel::clusterExport(cl, list(...
R/crane.R#L228       ))...
R/crane.R#L229       # Run the bootstrap...
R/crane.R#L230       res <- tryCatch(...
R/crane.R#L232           unlist(parallel::parLapply(cl,...
R/crane.R#L237           ))...
R/crane.R#L240           parallel::stopCluster(cl)...
R/crane.R#L242       )...
R/crane.R#L244       stop("Unsupported OS for parallel ...
R/crane.R#L246   } else {...
R/crane.R#L249       crane.compare_phenotypes.shuffle,...
R/crane.R#L250       rank_matrix = rank_matrix,...
R/crane.R#L251       combined = combined,...
R/crane.R#L252       p1.size = p1.size,...
R/crane.R#L253       p2.size = p2.size,...
R/crane.R#L254       replace = replace...
R/crane.R#L256   }...
R/crane.R#L257   # Now create the ECDF...
R/crane.R#L258   boot_cdf <- stats::ecdf(res)...
R/crane.R#L259   # Get the p-value for the absolute ran...
R/crane.R#L260   p.value <- 1 - boot_cdf(abs_diff)...
R/crane.R#L261   # Return results list...
R/crane.R#L262   list(...
R/crane.R#L267   )...
R/datagen.R#L 34                              nsamples.to...
R/datagen.R#L 35   expression.matrix <- datagen.unordered...
R/datagen.R#L 39   )...
R/datagen.R#L 40   ordered.expression <- datagen.ordered....
R/datagen.R#L 43   )...
R/datagen.R#L 44   ordered.genes <- sample(ngenes.total, ...
R/datagen.R#L 45   ordered.samples <- sample(nsamples.tot...
R/datagen.R#L 46   if (!reorder.genes) {...
R/datagen.R#L 48   }...
R/datagen.R#L 49   for (i in 1:ngenes.ordered) {...
R/datagen.R#L 51       ordered.expression[i, ]...
R/datagen.R#L 52   }...
R/datagen.R#L 53   list(...
R/datagen.R#L 57   )...
R/datagen.R#L 77   nsamples <- ncol(expression)...
R/datagen.R#L 78   ngenes <- nrow(expression)...
R/datagen.R#L 79   sample_list <- sample(nsamples, size =...
R/datagen.R#L 80   for (i in 1:nswaps) {...
R/datagen.R#L 85   }...
R/datagen.R#L 86   expression...
R/datagen.R#L103   ngenes <- nrow(expression)...
R/datagen.R#L104   nsamples <- ncol(expression)...
R/datagen.R#L105   noise.matrix <- matrix(dist(ngenes * n...
R/datagen.R#L106   expression + noise.matrix...
R/datagen.R#L124   ngenes <- nrow(expression)...
R/datagen.R#L125   nsamples <- ncol(expression)...
R/datagen.R#L126   nvalues.drop <- floor(dropout.rate * (...
R/datagen.R#L127   drop.index <- sample(ngenes * nsamples...
R/datagen.R#L128   drop.vector <- logical(ngenes * nsampl...
R/datagen.R#L129   drop.vector[drop.index] <- TRUE...
R/datagen.R#L130   expression[drop.vector] <- 0...
R/datagen.R#L131   expression...
R/datagen.R#L150   expression.unordered <- dist(ngenes, ....
R/datagen.R#L151   sort(expression.unordered, decreasing ...
R/datagen.R#L171   # Create an empty expression matrix...
R/datagen.R#L172   expression.matrix <- matrix(0, nrow = ...
R/datagen.R#L173   # Generate the expression for each sam...
R/datagen.R#L174   for (i in 1:nsamples) {...
R/datagen.R#L176   }...
R/datagen.R#L177   expression.matrix...
R/datagen.R#L194   dist(ngenes, ...)...
R/datagen.R#L212   # Create an empty expression matrix...
R/datagen.R#L213   expression.matrix <- matrix(0, nrow = ...
R/datagen.R#L214   # Generate the expression for each sam...
R/datagen.R#L215   for (i in 1:nsamples) {...
R/datagen.R#L217   }...
R/datagen.R#L218   expression.matrix...
R/dirac.R#L 42                                         ...
R/dirac.R#L 43                                         ...
R/dirac.R#L 44                                         ...
R/dirac.R#L 45   # Wrapper around dirac.classification_...
R/dirac.R#L 46   dirac.classification_rate.compare(...
R/dirac.R#L 51   )...
R/dirac.R#L101                                      phe...
R/dirac.R#L102                                      par...
R/dirac.R#L103                                      see...
R/dirac.R#L104   # Ensure that the gene_network_list is...
R/dirac.R#L105   gene_network_list <- ensure_named(gene...
R/dirac.R#L106   # Run the dirac.commpare phenotype fun...
R/dirac.R#L107   res_list <- lapply(gene_network_list, ...
R/dirac.R#L114   )...
R/dirac.R#L115   if (!as.frame) {...
R/dirac.R#L118   } else {...
R/dirac.R#L123       res_list,...
R/dirac.R#L124       function(x) x$absolute_difference...
R/dirac.R#L129       gene_network = gene_networks.list,...
R/dirac.R#L130       p1.rank_conservation_index = p1.rc...
R/dirac.R#L131       p2.rank_conservation_index = p2.rc...
R/dirac.R#L132       absolute_difference = absolute_dif...
R/dirac.R#L133       p.value = p.values.list...
R/dirac.R#L136   }...
R/dirac.R#L173                              return = "i...
R/dirac.R#L174                              names = c("...
R/dirac.R#L175   # get the rank matrices for the expres...
R/dirac.R#L176   p1.rank_matrix <- dirac.rank_matrix(ex...
R/dirac.R#L177   p2.rank_matrix <- dirac.rank_matrix(ex...
R/dirac.R#L178   # Get the rank templates for each of t...
R/dirac.R#L179   p1.rank_template <- dirac.rank_templat...
R/dirac.R#L180   p2.rank_template <- dirac.rank_templat...
R/dirac.R#L181   # Create an intermediate function whic...
R/dirac.R#L182   #   matching score differences from an...
R/dirac.R#L183   rank_matching.diff <- function(express...
R/dirac.R#L188       rank_matrix,...
R/dirac.R#L189       p1.rank_template...
R/dirac.R#L192       rank_matrix,...
R/dirac.R#L193       p2.rank_template...
R/dirac.R#L197   }...
R/dirac.R#L198   # Based on desired return type, define...
R/dirac.R#L199   if (return == "name") {...
R/dirac.R#L201       names <- c("phenotype1", "phenotyp...
R/dirac.R#L204       function(expression) {...
R/dirac.R#L208       }...
R/dirac.R#L210   } else if (return == "is phenotype1") ...
R/dirac.R#L212       function(expression) {...
R/dirac.R#L216       }...
R/dirac.R#L218   } else if (return == "is phenotype2") ...
R/dirac.R#L220       function(expression) {...
R/dirac.R#L224       }...
R/dirac.R#L226   } else if (return == "phenotype number...
R/dirac.R#L228       function(expression) {...
R/dirac.R#L232       }...
R/dirac.R#L234   } else {...
R/dirac.R#L236       function(expression) {...
R/dirac.R#L240       }...
R/dirac.R#L242   }...
R/dirac.R#L270                               expression...
R/dirac.R#L271                               matrix.ind...
R/dirac.R#L272   # Calculate the expression.length if n...
R/dirac.R#L273   if (is.null(expression.length)) {...
R/dirac.R#L275   }...
R/dirac.R#L276   # Calculate the matrix.index if needed...
R/dirac.R#L277   if (is.null(matrix.index)) {...
R/dirac.R#L279       nrow = expression.length,...
R/dirac.R#L280       ncol = expression.length...
R/dirac.R#L282   }...
R/dirac.R#L283   # Create a square matrix from the gene...
R/dirac.R#L284   # used for finding pairwise rank compa...
R/dirac.R#L285   expression.matrix <- matrix(expression...
R/dirac.R#L289   )...
R/dirac.R#L290   ((expression.matrix - t(expression.mat...
R/dirac.R#L307   # Calculate the expression.length (num...
R/dirac.R#L308   expression.length <- nrow(expression)...
R/dirac.R#L309   # Calculate the matrix.index vector...
R/dirac.R#L310   matrix.index <- as.vector(...
R/dirac.R#L312   )...
R/dirac.R#L313   # Apply the rank_vector function to fi...
R/dirac.R#L314   apply(expression, 2, dirac.rank_vector...
R/dirac.R#L317   )...
R/dirac.R#L337   # Take the row means to get the condit...
R/dirac.R#L338   means <- rowMeans(rank_matrix)...
R/dirac.R#L339   # Determine which rows have probabilit...
R/dirac.R#L340   means > 0.5...
R/dirac.R#L358   if (length(rank_vector) != length(rank...
R/dirac.R#L360   }...
R/dirac.R#L361   mean((rank_vector == rank_template))...
R/dirac.R#L382   apply(rank_matrix, 2, dirac.rank_match...
R/dirac.R#L384   )...
R/dirac.R#L405   mean(dirac.rank_matching_score.vector(...
R/dirac.R#L408   ))...
R/dirac.R#L436   # Find the rank matrix for each phenot...
R/dirac.R#L437   p1.rank_matrix <- dirac.rank_matrix(ex...
R/dirac.R#L438   p2.rank_matrix <- dirac.rank_matrix(ex...
R/dirac.R#L439   # Find the rank templates for the gene...
R/dirac.R#L440   p1.rank_template <- dirac.rank_templat...
R/dirac.R#L441   p2.rank_template <- dirac.rank_templat...
R/dirac.R#L442   # Find the rank difference score for e...
R/dirac.R#L443   p1.rank_difference <- dirac.rank_match...
R/dirac.R#L446   ) -...
R/dirac.R#L448   p2.rank_difference <- dirac.rank_match...
R/dirac.R#L451   ) -...
R/dirac.R#L453   list(p1.rank_difference, p2.rank_diffe...
R/dirac.R#L482                                       ph...
R/dirac.R#L483   # Get the rank differences...
R/dirac.R#L484   rank_diff <- dirac.rank_difference_sco...
R/dirac.R#L488   )...
R/dirac.R#L489   # Unpack the list...
R/dirac.R#L490   p1.rank_diff <- rank_diff[[1]]...
R/dirac.R#L491   p2.rank_diff <- rank_diff[[2]]...
R/dirac.R#L492   # calculate Pr(diff_score>O|phenotype=...
R/dirac.R#L493   tp <- mean(p1.rank_diff > 0)...
R/dirac.R#L494   # calculate Pr(diff_score<=O|phenotype...
R/dirac.R#L495   tn <- mean(p2.rank_diff <= 0)...
R/dirac.R#L496   # Calculate Pr(phenotype=A) and Pr(phe...
R/dirac.R#L497   p1.num <- length(phenotype1)...
R/dirac.R#L498   p2.num <- length(phenotype2)...
R/dirac.R#L499   total <- p1.num + p2.num...
R/dirac.R#L500   p1.prob <- p1.num / total...
R/dirac.R#L501   p2.prob <- p2.num / total...
R/dirac.R#L502   # Calculate the classification rate...
R/dirac.R#L503   (tp * p1.prob + tn * p2.prob)...
R/dirac.R#L537                                         ...
R/dirac.R#L538                                         ...
R/dirac.R#L539                                         ...
R/dirac.R#L540   if (parallel) {...
R/dirac.R#L542   }...
R/dirac.R#L543   os_type <- .Platform$OS.type...
R/dirac.R#L544   if (parallel && os_type == "unix") {...
R/dirac.R#L546       parallel::mclapply(gene_index, dir...
R/dirac.R#L550       )...
R/dirac.R#L552   } else if (parallel && os_type == "win...
R/dirac.R#L557       "dirac.rank_matching_score",...
R/dirac.R#L558       "dirac.rank_vector",...
R/dirac.R#L559       "dirac.rank_template",...
R/dirac.R#L560       "dirac.rank_matrix",...
R/dirac.R#L561       "dirac.rank_matching_score.vector"...
R/dirac.R#L562       "dirac.rank_difference_score",...
R/dirac.R#L563       "dirac.classification_rate"...
R/dirac.R#L567       expr = {...
R/dirac.R#L569           expression = expression,...
R/dirac.R#L570           phenotype1 = phenotype1,...
R/dirac.R#L571           phenotype2 = phenotype2...
R/dirac.R#L573       },...
R/dirac.R#L574       # Whether there is an error or not...
R/dirac.R#L575       finally = {...
R/dirac.R#L577       }...
R/dirac.R#L579   } else if (parallel) {...
R/dirac.R#L581   } else {...
R/dirac.R#L583       lapply(gene_index, dirac.classific...
R/dirac.R#L586       )...
R/dirac.R#L588   }...
R/dirac.R#L589   if (!as.frame) {...
R/dirac.R#L594   }...
R/dirac.R#L595   data.frame(gene_network = names(gene_i...
R/dirac.R#L622                                         ...
R/dirac.R#L623   names(which.max(dirac.classification_r...
R/dirac.R#L627   )))...
R/dirac.R#L646   # Get the rank matrices for each of th...
R/dirac.R#L647   p1.rank_matrix <- rank_matrix[, phenot...
R/dirac.R#L648   p2.rank_matrix <- rank_matrix[, phenot...
R/dirac.R#L649   # Get the rank templates for each of t...
R/dirac.R#L650   p1.rank_template <- dirac.rank_templat...
R/dirac.R#L651   p2.rank_template <- dirac.rank_templat...
R/dirac.R#L652   # Get the rank conservation indices...
R/dirac.R#L653   p1.rank_conservation_index <- dirac.ra...
R/dirac.R#L656   )...
R/dirac.R#L657   p2.rank_conservation_index <- dirac.ra...
R/dirac.R#L660   )...
R/dirac.R#L661   # Return the absolute value of the dif...
R/dirac.R#L662   abs(p1.rank_conservation_index - p2.ra...
R/dirac.R#L697   if (replace) {...
R/dirac.R#L702   } else {...
R/dirac.R#L707   }...
R/dirac.R#L708   dirac.compare_phenotype.single(...
R/dirac.R#L711   )...
R/dirac.R#L753   # Get size of both of the phenotypes...
R/dirac.R#L754   p1.size <- length(phenotype1)...
R/dirac.R#L755   p2.size <- length(phenotype2)...
R/dirac.R#L756   # Combine the phenotype vectors into o...
R/dirac.R#L757   combined <- c(phenotype1, phenotype2)...
R/dirac.R#L758   # Find the rank matrix...
R/dirac.R#L759   rank_matrix <- dirac.rank_matrix(expre...
R/dirac.R#L760   # Calculate the rank conservation inde...
R/dirac.R#L761   p1.rank_matrix <- rank_matrix[, phenot...
R/dirac.R#L762   p2.rank_matrix <- rank_matrix[, phenot...
R/dirac.R#L763   p1.rank_template <- dirac.rank_templat...
R/dirac.R#L764   p2.rank_template <- dirac.rank_templat...
R/dirac.R#L765   p1.rank_conservation_index <- dirac.ra...
R/dirac.R#L768   )...
R/dirac.R#L769   p2.rank_conservation_index <- dirac.ra...
R/dirac.R#L772   )...
R/dirac.R#L773   # Calculate the absolute difference be...
R/dirac.R#L774   absolute_difference <- abs(p1.rank_con...
R/dirac.R#L776   # Now perform the bootstrapping to fin...
R/dirac.R#L777   if (parallel) {...
R/dirac.R#L779   }...
R/dirac.R#L780   os_type <- .Platform$OS.type...
R/dirac.R#L781   if (parallel && os_type == "unix") {...
R/dirac.R#L785       dirac.compare_phenotype.shuffle,...
R/dirac.R#L786       rank_matrix = rank_matrix, combine...
R/dirac.R#L787       p1.size = p1.size, p2.size = p2.si...
R/dirac.R#L788       replace = replace, mc.cores = core...
R/dirac.R#L790   } else if (parallel && os_type == "win...
R/dirac.R#L797       "dirac.rank_vector",...
R/dirac.R#L798       "dirac.rank_matrix",...
R/dirac.R#L799       "dirac.rank_matching_score",...
R/dirac.R#L800       "dirac.rank_matching_score.vector"...
R/dirac.R#L801       "dirac.rank_conservation_index",...
R/dirac.R#L802       "dirac.rank_template",...
R/dirac.R#L803       "dirac.compare_phenotype.single",...
R/dirac.R#L804       "dirac.compare_phenotype.shuffle"...
R/dirac.R#L808       expr = {...
R/dirac.R#L810           dirac.compare_phenotype.shuffl...
R/dirac.R#L811           rank_matrix = rank_matrix,...
R/dirac.R#L812           combined = combined, p1.size =...
R/dirac.R#L813           p2.size = p2.size, replace = r...
R/dirac.R#L815       },...
R/dirac.R#L816       finally = {...
R/dirac.R#L818       }...
R/dirac.R#L820   } else if (parallel) {...
R/dirac.R#L822   } else {...
R/dirac.R#L825       rank_matrix = rank_matrix, combine...
R/dirac.R#L826       p1.size = p1.size, p2.size = p1.si...
R/dirac.R#L828   }...
R/dirac.R#L829   # Now, use the bootstrapped values to ...
R/dirac.R#L830   boot_cdf <- stats::ecdf(res)...
R/dirac.R#L831   # Get the p-value for the value...
R/dirac.R#L832   p.value <- 1 - boot_cdf(absolute_diffe...
R/dirac.R#L833   # Return named list with value being t...
R/dirac.R#L834   #   the p.value calculated using the e...
R/dirac.R#L835   list(...
R/dirac.R#L840   )...
R/infer.R#L 44                   phenotype1, phenotype2...
R/infer.R#L 45                   bootstrap_iterations =...
R/infer.R#L 46                   parallel = TRUE,...
R/infer.R#L 47                   cores = 4, replace = T...
R/infer.R#L 48   # Ensure that the gene_network_list is...
R/infer.R#L 49   gene_network_list <- ensure_named(gene...
R/infer.R#L 50   # Run the infer.compare_phenotypes...
R/infer.R#L 51   res_list <- lapply(gene_network_list, ...
R/infer.R#L 58   )...
R/infer.R#L 59   if (!as.frame) {...
R/infer.R#L 62   } else {...
R/infer.R#L 69       gene_network = gene_networks.names...
R/infer.R#L 70       p1.rank_entropy = p1.rank_entropy....
R/infer.R#L 71       p2.rank_entropy = p2.rank_entropy....
R/infer.R#L 72       absolute_difference = values.list,...
R/infer.R#L 73       p.value = p.values.list...
R/infer.R#L 76   }...
R/infer.R#L103   t <- table(vec) / length(vec)...
R/infer.R#L104   -sum(t * log2(t))...
R/infer.R#L124   apply(mat, MARGIN = margin, entropy.ve...
R/infer.R#L144   apply(expression.filtered, MARGIN = ma...
R/infer.R#L165                                phenotype...
R/infer.R#L166   entropy.matrix(infer.rank_matrix(expre...
R/infer.R#L187   mean(infer.gene.entropy(expression, ge...
R/infer.R#L209   # Get the rank matrices for each pheno...
R/infer.R#L210   p1.rank_matrix <- rank_matrix[, phenot...
R/infer.R#L211   p2.rank_matrix <- rank_matrix[, phenot...
R/infer.R#L212   # Get the rank entropies for each phen...
R/infer.R#L213   p1.rank_entropy <- mean(entropy.matrix...
R/infer.R#L214   p2.rank_entropy <- mean(entropy.matrix...
R/infer.R#L215   # Return the absolute value of the dif...
R/infer.R#L216   abs(p1.rank_entropy - p2.rank_entropy)...
R/infer.R#L243                                         ...
R/infer.R#L244   if (replace) {...
R/infer.R#L249   } else {...
R/infer.R#L254   }...
R/infer.R#L255   # Compute the absolute difference in r...
R/infer.R#L256   #   phenotypes...
R/infer.R#L257   infer.compare_phenotypes.single(...
R/infer.R#L261   )...
R/infer.R#L287                                      phe...
R/infer.R#L288                                      boo...
R/infer.R#L289                                      cor...
R/infer.R#L290   # Get the size of each of the phenotyp...
R/infer.R#L291   p1.size <- length(phenotype1)...
R/infer.R#L292   p2.size <- length(phenotype2)...
R/infer.R#L293   # Get the combined phenotype index vec...
R/infer.R#L294   combined <- c(phenotype1, phenotype2)...
R/infer.R#L295   # Compute the rank_matrix...
R/infer.R#L296   rank_matrix <- infer.rank_matrix(expre...
R/infer.R#L297   # Find the difference value for the un...
R/infer.R#L298   abs_re_diff <- infer.compare_phenotype...
R/infer.R#L302   )...
R/infer.R#L303   p1.rank_entropy <- infer.gene_network....
R/infer.R#L307   )...
R/infer.R#L308   p2.rank_entropy <- infer.gene_network....
R/infer.R#L312   )...
R/infer.R#L313   # Perform bootstrapping for the null d...
R/infer.R#L314   if (parallel) {...
R/infer.R#L316   }...
R/infer.R#L317   os_type <- .Platform$OS.type...
R/infer.R#L318   if (parallel) {...
R/infer.R#L320       # Set seed...
R/infer.R#L321       set.seed(seed, "L'Ecuyer")...
R/infer.R#L322       # Use multicore apply...
R/infer.R#L323       res <- unlist(parallel::mclapply(1...
R/infer.R#L329       ))...
R/infer.R#L331       # make the cluster...
R/infer.R#L332       cl <- parallel::makeCluster(cores)...
R/infer.R#L333       # Set the RNG stream seed...
R/infer.R#L334       parallel::clusterSetRNGStream(cl, ...
R/infer.R#L335       # Export needed functions...
R/infer.R#L336       parallel::clusterExport(cl, list(...
R/infer.R#L341       ))...
R/infer.R#L342       # Run the bootstrap...
R/infer.R#L343       res <- tryCatch(expr = {...
R/infer.R#L345           infer.compare_phenotypes.shuff...
R/infer.R#L346           rank_matrix = rank_matrix,...
R/infer.R#L347           combined = combined,...
R/infer.R#L348           p1.size = p1.size,...
R/infer.R#L349           p2.size = p2.size,...
R/infer.R#L350           replace = replace...
R/infer.R#L352       }, finally = {...
R/infer.R#L354       })...
R/infer.R#L356       stop("Unsupported OS for parallel ...
R/infer.R#L358   } else {...
R/infer.R#L361       infer.compare_phenotypes.shuffle,...
R/infer.R#L362       rank_matrix = rank_matrix,...
R/infer.R#L363       combined = combined,...
R/infer.R#L364       p1.size = p1.size,...
R/infer.R#L365       p2.size = p2.size,...
R/infer.R#L366       replace = replace...
R/infer.R#L368   }...
R/infer.R#L369   # Now create the ECDF...
R/infer.R#L370   boot_cdf <- stats::ecdf(res)...
R/infer.R#L371   # Get the p-value for the absolute ran...
R/infer.R#L372   p.value <- 1 - boot_cdf(abs_re_diff)...
R/infer.R#L373   # Return named list with value being t...
R/infer.R#L374   #   p.value being the p-value calculat...
R/infer.R#L375   list(...
R/infer.R#L378   )...
R/race.R#L 42                  phenotype1, phenotype2,...
R/race.R#L 43                  parallel = TRUE, cores ...
R/race.R#L 44                  as.frame = TRUE) {...
R/race.R#L 45   # Ensure that the gene_network_list is...
R/race.R#L 46   gene_network_list <- ensure_named(gene...
R/race.R#L 47   # Run race.compare_phenotypes for each...
R/race.R#L 48   res_list <- lapply(gene_network_list, ...
R/race.R#L 55   )...
R/race.R#L 56   if (!as.frame) {...
R/race.R#L 59   } else {...
R/race.R#L 61       res_list, function(x) x$p1.mean_ra...
R/race.R#L 64       res_list, function(x) x$p2.mean_ra...
R/race.R#L 70       gene_network = gene_network_names,...
R/race.R#L 71       p1.mean_rank_correlation = p1.mean...
R/race.R#L 72       p2.mean_rank_correlation = p2.mean...
R/race.R#L 73       absolute_difference = abs_diff_lis...
R/race.R#L 74       p.value = p.value.list...
R/race.R#L 77   }...
R/race.R#L 97   correlation <- stats::cor(expression.f...
R/race.R#L 98   mean(correlation[lower.tri(correlation...
R/race.R#L119                                         ...
R/race.R#L120   # get the expression matrices for each...
R/race.R#L121   p1.expression <- expression.gene_netwo...
R/race.R#L122   p2.expression <- expression.gene_netwo...
R/race.R#L123   # Get the rank correlation means for e...
R/race.R#L124   p1.rank_corr_mean <- race.mean_rank_co...
R/race.R#L125   p2.rank_corr_mean <- race.mean_rank_co...
R/race.R#L126   # Return the absolute value of the dif...
R/race.R#L127   #   correlations...
R/race.R#L128   abs(p1.rank_corr_mean - p2.rank_corr_m...
R/race.R#L154   if (replace) {...
R/race.R#L159   } else {...
R/race.R#L164   }...
R/race.R#L165   # Compute the absolute difference in m...
R/race.R#L166   # shuffled phenotypes...
R/race.R#L167   race.compare_phenotypes.single(...
R/race.R#L170   )...
R/race.R#L207   # Get the size of each of the phenotyp...
R/race.R#L208   p1.size <- length(phenotype1)...
R/race.R#L209   p2.size <- length(phenotype2)...
R/race.R#L210   # Get the combined indices of the two ...
R/race.R#L211   combined <- c(phenotype1, phenotype2)...
R/race.R#L212   # Find the mean kendall rank correlati...
R/race.R#L213   p1.mean_rc <- race.mean_rank_corr(...
R/race.R#L215   )...
R/race.R#L216   p2.mean_rc <- race.mean_rank_corr(...
R/race.R#L218   )...
R/race.R#L219   # Find the absolute difference between...
R/race.R#L220   abs_diff_mean_rc <- abs(p1.mean_rc - p...
R/race.R#L221   # Perform the bootstrapping for the nu...
R/race.R#L222   if (parallel) {...
R/race.R#L224   }...
R/race.R#L225   os_type <- .Platform$OS.type...
R/race.R#L226   if (parallel) {...
R/race.R#L228       # Set seed...
R/race.R#L229       set.seed(seed, "L'Ecuyer")...
R/race.R#L230       # Use multicore apply...
R/race.R#L231       res <- unlist(parallel::mclapply(1...
R/race.R#L234           expression[gene_network, ],...
R/race.R#L238       ))...
R/race.R#L240       # make the cluster...
R/race.R#L241       cl <- parallel::makeCluster(cores)...
R/race.R#L242       # Set the RNG stream seed...
R/race.R#L243       parallel::clusterSetRNGStream(cl, ...
R/race.R#L244       # Export the needed functions...
R/race.R#L245       parallel::clusterExport(cl, list(...
R/race.R#L249       ))...
R/race.R#L250       res <- tryCatch(expr = {...
R/race.R#L252           race.compare_phenotypes.shuffl...
R/race.R#L253           expression.gene_network =...
R/race.R#L255           combined = combined, p1.size =...
R/race.R#L256           p2.size = p2.size, replace = r...
R/race.R#L258       }, finally = {...
R/race.R#L260       })...
R/race.R#L262       stop("Unsupported OS for parallel ...
R/race.R#L264   } else {...
R/race.R#L267       race.compare_phenotypes.shuffle,...
R/race.R#L268       expression.gene_network =...
R/race.R#L270       combined = combined, p1.size = p1....
R/race.R#L271       p2.size = p2.size, replace = repla...
R/race.R#L273   }...
R/race.R#L274   # Now create the ecdf...
R/race.R#L275   boot_cdf <- stats::ecdf(res)...
R/race.R#L276   # Get the p-value for the absolute ran...
R/race.R#L277   p.value <- 1 - boot_cdf(abs_diff_mean_...
R/race.R#L278   # Return named list with the results...
R/race.R#L279   list(...
R/race.R#L284   )...
R/utils.R#L 12   if (is.null(names(in_list))) {...
R/utils.R#L 14       1:length(in_list),...
R/utils.R#L 15       function(x) paste(prefix, x, sep =...
R/utils.R#L 17   }...
R/utils.R#L 18   in_list...
man/crane.compare_phenotypes.Rd#L  8   gene_network,...
man/crane.compare_phenotypes.Rd#L  9   expression,...
man/crane.compare_phenotypes.Rd#L 10   phenotype1,...
man/crane.compare_phenotypes.Rd#L 11   phenotype2,...
man/crane.compare_phenotypes.Rd#L 12   bootstrap_iterations = 1000,...
man/crane.compare_phenotypes.Rd#L 13   parallel = TRUE,...
man/crane.compare_phenotypes.Rd#L 14   cores = 4,...
man/crane.compare_phenotypes.Rd#L 15   replace = TRUE,...
man/crane.compare_phenotypes.Rd#L 16   seed = NULL...
man/crane.compare_phenotypes.shuffle.Rd#L  8   i,...
man/crane.compare_phenotypes.shuffle.Rd#L  9   rank_matrix,...
man/crane.compare_phenotypes.shuffle.Rd#L 10   combined,...
man/crane.compare_phenotypes.shuffle.Rd#L 11   p1.size,...
man/crane.compare_phenotypes.shuffle.Rd#L 12   p2.size,...
man/crane.compare_phenotypes.shuffle.Rd#L 13   replace = TRUE...
man/CRANE.Rd#L  8   expression,...
man/CRANE.Rd#L  9   gene_network_list,...
man/CRANE.Rd#L 10   phenotype1,...
man/CRANE.Rd#L 11   phenotype2,...
man/CRANE.Rd#L 12   bootstrap_iterations = 1000,...
man/CRANE.Rd#L 13   parallel = TRUE,...
man/CRANE.Rd#L 14   cores = 4,...
man/CRANE.Rd#L 15   replace = TRUE,...
man/CRANE.Rd#L 16   seed = NULL,...
man/CRANE.Rd#L 17   as.frame = TRUE...
man/datagen.generate.Rd#L  8   ngenes.ordered,...
man/datagen.generate.Rd#L  9   ngenes.total,...
man/datagen.generate.Rd#L 10   nsamples.ordered,...
man/datagen.generate.Rd#L 11   nsamples.total,...
man/datagen.generate.Rd#L 12   dist,...
man/datagen.generate.Rd#L 13   reorder.genes = TRUE,...
man/datagen.generate.Rd#L 14   ......
man/dirac.classification_rate.best.Rd#L  8   expression,...
man/dirac.classification_rate.best.Rd#L  9   phenotype1,...
man/dirac.classification_rate.best.Rd#L 10   phenotype2,...
man/dirac.classification_rate.best.Rd#L 11   gene_index,...
man/dirac.classification_rate.best.Rd#L 12   parallel = TRUE,...
man/dirac.classification_rate.best.Rd#L 13   cores = 4...
man/dirac.classification_rate.compare.Rd#L  8   expression,...
man/dirac.classification_rate.compare.Rd#L  9   phenotype1,...
man/dirac.classification_rate.compare.Rd#L 10   phenotype2,...
man/dirac.classification_rate.compare.Rd#L 11   gene_index,...
man/dirac.classification_rate.compare.Rd#L 12   parallel = TRUE,...
man/dirac.classification_rate.compare.Rd#L 13   cores = 4,...
man/dirac.classification_rate.compare.Rd#L 14   as.frame = FALSE...
man/DIRAC.classifier.Rd#L  8   expression,...
man/DIRAC.classifier.Rd#L  9   phenotype1,...
man/DIRAC.classifier.Rd#L 10   phenotype2,...
man/DIRAC.classifier.Rd#L 11   gene_index,...
man/DIRAC.classifier.Rd#L 12   return = "is phenotype1",...
man/DIRAC.classifier.Rd#L 13   names = c("phenotype1", "phenotype2")...
man/DIRAC.compare_network_classification.Rd#L  8   expression,...
man/DIRAC.compare_network_classification.Rd#L  9   phenotype1,...
man/DIRAC.compare_network_classification.Rd#L 10   phenotype2,...
man/DIRAC.compare_network_classification.Rd#L 11   gene_network_list,...
man/DIRAC.compare_network_classification.Rd#L 12   parallel = TRUE,...
man/DIRAC.compare_network_classification.Rd#L 13   cores = 4,...
man/DIRAC.compare_network_classification.Rd#L 14   as.frame = FALSE...
man/dirac.compare_phenotype.Rd#L  8   gene_index,...
man/dirac.compare_phenotype.Rd#L  9   expression,...
man/dirac.compare_phenotype.Rd#L 10   phenotype1,...
man/dirac.compare_phenotype.Rd#L 11   phenotype2,...
man/dirac.compare_phenotype.Rd#L 12   bootstrap_iterations = 1000,...
man/dirac.compare_phenotype.Rd#L 13   parallel = TRUE,...
man/dirac.compare_phenotype.Rd#L 14   cores = 4,...
man/dirac.compare_phenotype.Rd#L 15   replace = TRUE,...
man/dirac.compare_phenotype.Rd#L 16   seed = NULL...
man/dirac.compare_phenotype.shuffle.Rd#L  8   i,...
man/dirac.compare_phenotype.shuffle.Rd#L  9   rank_matrix,...
man/dirac.compare_phenotype.shuffle.Rd#L 10   combined,...
man/dirac.compare_phenotype.shuffle.Rd#L 11   p1.size,...
man/dirac.compare_phenotype.shuffle.Rd#L 12   p2.size,...
man/dirac.compare_phenotype.shuffle.Rd#L 13   replace = TRUE...
man/DIRAC.compare_phenotypes.Rd#L  8   expression,...
man/DIRAC.compare_phenotypes.Rd#L  9   gene_network_list,...
man/DIRAC.compare_phenotypes.Rd#L 10   phenotype1,...
man/DIRAC.compare_phenotypes.Rd#L 11   phenotype2,...
man/DIRAC.compare_phenotypes.Rd#L 12   bootstrap_iterations = 1000,...
man/DIRAC.compare_phenotypes.Rd#L 13   parallel = TRUE,...
man/DIRAC.compare_phenotypes.Rd#L 14   cores = 4,...
man/DIRAC.compare_phenotypes.Rd#L 15   replace = TRUE,...
man/DIRAC.compare_phenotypes.Rd#L 16   seed = NULL,...
man/DIRAC.compare_phenotypes.Rd#L 17   as.frame = TRUE...
man/dirac.rank_difference_score.Rd#L 31  c(2,3), gene_index=c(1,2,4))...
man/dirac.rank_matching_score.Rd#L 23  dirac.rank_matching_score(c(1,0,0,1,0),...
man/entropy.matrix.Rd#L 23   # Create an example matrix...
man/entropy.matrix.Rd#L 24   example_matrix <- matrix(rnorm(4*4), n...
man/entropy.matrix.Rd#L 25   # Print result vector...
man/entropy.matrix.Rd#L 26   print(entropy.matrix(example_matrix, 2...
man/entropy.vector.Rd#L 20   # Create an example vector...
man/entropy.vector.Rd#L 21   example_vector <- c(1,2,3,2,1,2,3,4,5,...
man/entropy.vector.Rd#L 22   # Print the entropy of the vector...
man/entropy.vector.Rd#L 23   print(entropy.vector(example_vector))...
man/infer.compare_phenotypes.Rd#L  9   gene_network,...
man/infer.compare_phenotypes.Rd#L 10   expression,...
man/infer.compare_phenotypes.Rd#L 11   phenotype1,...
man/infer.compare_phenotypes.Rd#L 12   phenotype2,...
man/infer.compare_phenotypes.Rd#L 13   bootstrap_iterations = 1000,...
man/infer.compare_phenotypes.Rd#L 14   parallel = TRUE,...
man/infer.compare_phenotypes.Rd#L 15   cores = 4,...
man/infer.compare_phenotypes.Rd#L 16   replace = TRUE,...
man/infer.compare_phenotypes.Rd#L 17   seed = NULL...
man/infer.compare_phenotypes.shuffle.Rd#L  8   i,...
man/infer.compare_phenotypes.shuffle.Rd#L  9   rank_matrix,...
man/infer.compare_phenotypes.shuffle.Rd#L 10   combined,...
man/infer.compare_phenotypes.shuffle.Rd#L 11   p1.size,...
man/infer.compare_phenotypes.shuffle.Rd#L 12   p2.size,...
man/infer.compare_phenotypes.shuffle.Rd#L 13   replace = TRUE...
man/INFER.Rd#L  9   expression,...
man/INFER.Rd#L 10   gene_network_list,...
man/INFER.Rd#L 11   phenotype1,...
man/INFER.Rd#L 12   phenotype2,...
man/INFER.Rd#L 13   bootstrap_iterations = 1000,...
man/INFER.Rd#L 14   parallel = TRUE,...
man/INFER.Rd#L 15   cores = 4,...
man/INFER.Rd#L 16   replace = TRUE,...
man/INFER.Rd#L 17   seed = NULL,...
man/INFER.Rd#L 18   as.frame = TRUE...
man/race.compare_phenotypes.Rd#L  9   gene_network,...
man/race.compare_phenotypes.Rd#L 10   expression,...
man/race.compare_phenotypes.Rd#L 11   phenotype1,...
man/race.compare_phenotypes.Rd#L 12   phenotype2,...
man/race.compare_phenotypes.Rd#L 13   bootstrap_iterations = 1000,...
man/race.compare_phenotypes.Rd#L 14   parallel = TRUE,...
man/race.compare_phenotypes.Rd#L 15   cores = 4,...
man/race.compare_phenotypes.Rd#L 16   replace = TRUE,...
man/race.compare_phenotypes.Rd#L 17   seed = NULL...
man/race.compare_phenotypes.shuffle.Rd#L  8   i,...
man/race.compare_phenotypes.shuffle.Rd#L  9   expression.gene_network,...
man/race.compare_phenotypes.shuffle.Rd#L 10   combined,...
man/race.compare_phenotypes.shuffle.Rd#L 11   p1.size,...
man/race.compare_phenotypes.shuffle.Rd#L 12   p2.size,...
man/race.compare_phenotypes.shuffle.Rd#L 13   replace = TRUE...
man/RACE.Rd#L  8   expression,...
man/RACE.Rd#L  9   gene_network_list,...
man/RACE.Rd#L 10   phenotype1,...
man/RACE.Rd#L 11   phenotype2,...
man/RACE.Rd#L 12   bootstrap_iterations = 1000,...
man/RACE.Rd#L 13   parallel = TRUE,...
man/RACE.Rd#L 14   cores = 4,...
man/RACE.Rd#L 15   replace = TRUE,...
man/RACE.Rd#L 16   seed = NULL,...
man/RACE.Rd#L 17   as.frame = TRUE...
* NOTE: Consider shorter lines; 40 lines (1%) are > 80 characters long.
First few lines:
R/crane.R#L 39     gene_network_list <- ensure_named(ge...
R/crane.R#L203         cores <- if (parallel::detectCor...
R/datagen.R#L 83         expression[genes[1], sample_list...
R/datagen.R#L105     noise.matrix <- matrix(dist(ngenes *...
R/datagen.R#L127     drop.index <- sample(ngenes * nsampl...
R/dirac.R#L 69 #' @param bootstrap_iterations Number of...
R/dirac.R#L105     gene_network_list <- ensure_named(ge...
R/dirac.R#L120         p1.rci_list <- sapply(res_list, ...
R/dirac.R#L121         p2.rci_list <- sapply(res_list, ...
R/dirac.R#L163 #' @param names optional Character vecto...
R/dirac.R#L541         cores <- if (parallel::detectCor...
R/dirac.R#L568                 unlist(parallel::parLapp...
R/dirac.R#L622                                         ...
R/dirac.R#L645 dirac.compare_phenotype.single <- functi...
R/dirac.R#L773     # Calculate the absolute difference ...
R/dirac.R#L778         cores <- if (parallel::detectCor...
R/dirac.R#L824         res <- unlist(lapply(1:bootstrap...
R/infer.R#L 49     gene_network_list <- ensure_named(ge...
R/infer.R#L288                                      boo...
R/infer.R#L315         cores <- if (parallel::detectCor...
R/race.R#L 46     gene_network_list <- ensure_named(ge...
R/race.R#L205                                     boot...
R/race.R#L223         cores <- if (parallel::detectCor...
man/datagen.unordered.matrix.Rd#L  5 \title{Generate unordered expression mat...
man/datagen.unordered.vector.Rd#L  5 \title{Generate unordered expression vec...
man/dirac.classification_rate.compare.Rd#L 47 \code{dirac.classification_rate.compare}...
man/DIRAC.classifier.Rd#L 39 \item{names}{optional Character vector w...
man/dirac.compare_phenotype.shuffle.Rd#L 40 \code{dirac.compare_phenotype.shuffle}co...
man/dirac.compare_phenotype.single.Rd#L 21 \code{dirac.compare_phenotype.single}com...
man/DIRAC.compare_phenotypes.Rd#L 58 \code{p2.rank_conservation_index}, \code...
man/DIRAC.compare_phenotypes.Rd#L 62 \verb{$p2.rank_conservation_index}, \ver...
man/DIRAC.compare_phenotypes.Rd#L 66 \code{DIRAC.compare_phenotypes} computes...
man/dirac.rank_matching_score.vector.Rd#L 19 \code{dirac.rank_matching_score.vector} ...
man/dirac.rank_template.Rd#L 16 \code{dirac.rank_template} creates a DIR...
man/Gnat-package.Rd#L  9 Functions for evaluating the rank entrop...
man/Gnat-package.Rd#L 12 \strong{Maintainer}: Braden Griebel \ema...
man/infer.compare_phenotypes.Rd#L  5 \title{Compute the rank entropy differen...
man/infer.compare_phenotypes.shuffle.Rd#L  5 \title{Find the absolute difference betw...
man/infer.compare_phenotypes.single.Rd#L  5 \title{Calculate the absolute difference...
man/race.compare_phenotypes.single.Rd#L 22 \code{race.compare_phenotypes.single} co...
* NOTE: Consider multiples of 4 spaces for line indents; 185 lines (5%) are not.
First few lines:
R/bootstrap_score.R#L 23                               phenotype2...
R/bootstrap_score.R#L 24                               bootstrapI...
R/bootstrap_score.R#L 25                               replace = ...
R/bootstrap_score.R#L 82                                       sc...
R/bootstrap_score.R#L126                            score_fun, re...
R/bootstrap_score.R#L163                            phenotype1, p...
R/bootstrap_score.R#L164                            replace = TRU...
R/crane.R#L 36                   bootstrap_iterations =...
R/crane.R#L 37                   replace = TRUE, seed =...
R/crane.R#L145                                         ...
R/crane.R#L183                                      phe...
R/crane.R#L184                                      par...
R/crane.R#L185                                      see...
R/datagen.R#L 34                              nsamples.to...
R/dirac.R#L 42                                         ...
R/dirac.R#L 43                                         ...
R/dirac.R#L 44                                         ...
R/dirac.R#L101                                      phe...
R/dirac.R#L102                                      par...
R/dirac.R#L103                                      see...
R/dirac.R#L173                              return = "i...
R/dirac.R#L174                              names = c("...
R/dirac.R#L270                               expression...
R/dirac.R#L271                               matrix.ind...
R/dirac.R#L482                                       ph...
R/dirac.R#L537                                         ...
R/dirac.R#L538                                         ...
R/dirac.R#L539                                         ...
R/dirac.R#L622                                         ...
R/infer.R#L 44                   phenotype1, phenotype2...
R/infer.R#L 45                   bootstrap_iterations =...
R/infer.R#L 46                   parallel = TRUE,...
R/infer.R#L 47                   cores = 4, replace = T...
R/infer.R#L165                                phenotype...
R/infer.R#L243                                         ...
R/infer.R#L287                                      phe...
R/infer.R#L288                                      boo...
R/infer.R#L289                                      cor...
R/race.R#L 42                  phenotype1, phenotype2,...
R/race.R#L 43                  parallel = TRUE, cores ...
R/race.R#L 44                  as.frame = TRUE) {...
R/race.R#L119                                         ...
man/crane.compare_phenotypes.Rd#L  8   gene_network,...
man/crane.compare_phenotypes.Rd#L  9   expression,...
man/crane.compare_phenotypes.Rd#L 10   phenotype1,...
man/crane.compare_phenotypes.Rd#L 11   phenotype2,...
man/crane.compare_phenotypes.Rd#L 12   bootstrap_iterations = 1000,...
man/crane.compare_phenotypes.Rd#L 13   parallel = TRUE,...
man/crane.compare_phenotypes.Rd#L 14   cores = 4,...
man/crane.compare_phenotypes.Rd#L 15   replace = TRUE,...
man/crane.compare_phenotypes.Rd#L 16   seed = NULL...
man/crane.compare_phenotypes.shuffle.Rd#L  8   i,...
man/crane.compare_phenotypes.shuffle.Rd#L  9   rank_matrix,...
man/crane.compare_phenotypes.shuffle.Rd#L 10   combined,...
man/crane.compare_phenotypes.shuffle.Rd#L 11   p1.size,...
man/crane.compare_phenotypes.shuffle.Rd#L 12   p2.size,...
man/crane.compare_phenotypes.shuffle.Rd#L 13   replace = TRUE...
man/CRANE.Rd#L  8   expression,...
man/CRANE.Rd#L  9   gene_network_list,...
man/CRANE.Rd#L 10   phenotype1,...
man/CRANE.Rd#L 11   phenotype2,...
man/CRANE.Rd#L 12   bootstrap_iterations = 1000,...
man/CRANE.Rd#L 13   parallel = TRUE,...
man/CRANE.Rd#L 14   cores = 4,...
man/CRANE.Rd#L 15   replace = TRUE,...
man/CRANE.Rd#L 16   seed = NULL,...
man/CRANE.Rd#L 17   as.frame = TRUE...
man/datagen.generate.Rd#L  8   ngenes.ordered,...
man/datagen.generate.Rd#L  9   ngenes.total,...
man/datagen.generate.Rd#L 10   nsamples.ordered,...
man/datagen.generate.Rd#L 11   nsamples.total,...
man/datagen.generate.Rd#L 12   dist,...
man/datagen.generate.Rd#L 13   reorder.genes = TRUE,...
man/datagen.generate.Rd#L 14   ......
man/dirac.classification_rate.best.Rd#L  8   expression,...
man/dirac.classification_rate.best.Rd#L  9   phenotype1,...
man/dirac.classification_rate.best.Rd#L 10   phenotype2,...
man/dirac.classification_rate.best.Rd#L 11   gene_index,...
man/dirac.classification_rate.best.Rd#L 12   parallel = TRUE,...
man/dirac.classification_rate.best.Rd#L 13   cores = 4...
man/dirac.classification_rate.compare.Rd#L  8   expression,...
man/dirac.classification_rate.compare.Rd#L  9   phenotype1,...
man/dirac.classification_rate.compare.Rd#L 10   phenotype2,...
man/dirac.classification_rate.compare.Rd#L 11   gene_index,...
man/dirac.classification_rate.compare.Rd#L 12   parallel = TRUE,...
man/dirac.classification_rate.compare.Rd#L 13   cores = 4,...
man/dirac.classification_rate.compare.Rd#L 14   as.frame = FALSE...
man/DIRAC.classifier.Rd#L  8   expression,...
man/DIRAC.classifier.Rd#L  9   phenotype1,...
man/DIRAC.classifier.Rd#L 10   phenotype2,...
man/DIRAC.classifier.Rd#L 11   gene_index,...
man/DIRAC.classifier.Rd#L 12   return = "is phenotype1",...
man/DIRAC.classifier.Rd#L 13   names = c("phenotype1", "phenotype2")...
man/DIRAC.compare_network_classification.Rd#L  8   expression,...
man/DIRAC.compare_network_classification.Rd#L  9   phenotype1,...
man/DIRAC.compare_network_classification.Rd#L 10   phenotype2,...
man/DIRAC.compare_network_classification.Rd#L 11   gene_network_list,...
man/DIRAC.compare_network_classification.Rd#L 12   parallel = TRUE,...
man/DIRAC.compare_network_classification.Rd#L 13   cores = 4,...
man/DIRAC.compare_network_classification.Rd#L 14   as.frame = FALSE...
man/dirac.compare_phenotype.Rd#L  8   gene_index,...
man/dirac.compare_phenotype.Rd#L  9   expression,...
man/dirac.compare_phenotype.Rd#L 10   phenotype1,...
man/dirac.compare_phenotype.Rd#L 11   phenotype2,...
man/dirac.compare_phenotype.Rd#L 12   bootstrap_iterations = 1000,...
man/dirac.compare_phenotype.Rd#L 13   parallel = TRUE,...
man/dirac.compare_phenotype.Rd#L 14   cores = 4,...
man/dirac.compare_phenotype.Rd#L 15   replace = TRUE,...
man/dirac.compare_phenotype.Rd#L 16   seed = NULL...
man/dirac.compare_phenotype.shuffle.Rd#L  8   i,...
man/dirac.compare_phenotype.shuffle.Rd#L  9   rank_matrix,...
man/dirac.compare_phenotype.shuffle.Rd#L 10   combined,...
man/dirac.compare_phenotype.shuffle.Rd#L 11   p1.size,...
man/dirac.compare_phenotype.shuffle.Rd#L 12   p2.size,...
man/dirac.compare_phenotype.shuffle.Rd#L 13   replace = TRUE...
man/DIRAC.compare_phenotypes.Rd#L  8   expression,...
man/DIRAC.compare_phenotypes.Rd#L  9   gene_network_list,...
man/DIRAC.compare_phenotypes.Rd#L 10   phenotype1,...
man/DIRAC.compare_phenotypes.Rd#L 11   phenotype2,...
man/DIRAC.compare_phenotypes.Rd#L 12   bootstrap_iterations = 1000,...
man/DIRAC.compare_phenotypes.Rd#L 13   parallel = TRUE,...
man/DIRAC.compare_phenotypes.Rd#L 14   cores = 4,...
man/DIRAC.compare_phenotypes.Rd#L 15   replace = TRUE,...
man/DIRAC.compare_phenotypes.Rd#L 16   seed = NULL,...
man/DIRAC.compare_phenotypes.Rd#L 17   as.frame = TRUE...
man/dirac.rank_difference_score.Rd#L 31  c(2,3), gene_index=c(1,2,4))...
man/dirac.rank_matching_score.Rd#L 23  dirac.rank_matching_score(c(1,0,0,1,0),...
man/entropy.matrix.Rd#L 23   # Create an example matrix...
man/entropy.matrix.Rd#L 24   example_matrix <- matrix(rnorm(4*4), n...
man/entropy.matrix.Rd#L 25   # Print result vector...
man/entropy.matrix.Rd#L 26   print(entropy.matrix(example_matrix, 2...
man/entropy.vector.Rd#L 20   # Create an example vector...
man/entropy.vector.Rd#L 21   example_vector <- c(1,2,3,2,1,2,3,4,5,...
man/entropy.vector.Rd#L 22   # Print the entropy of the vector...
man/entropy.vector.Rd#L 23   print(entropy.vector(example_vector))...
man/infer.compare_phenotypes.Rd#L  9   gene_network,...
man/infer.compare_phenotypes.Rd#L 10   expression,...
man/infer.compare_phenotypes.Rd#L 11   phenotype1,...
man/infer.compare_phenotypes.Rd#L 12   phenotype2,...
man/infer.compare_phenotypes.Rd#L 13   bootstrap_iterations = 1000,...
man/infer.compare_phenotypes.Rd#L 14   parallel = TRUE,...
man/infer.compare_phenotypes.Rd#L 15   cores = 4,...
man/infer.compare_phenotypes.Rd#L 16   replace = TRUE,...
man/infer.compare_phenotypes.Rd#L 17   seed = NULL...
man/infer.compare_phenotypes.shuffle.Rd#L  8   i,...
man/infer.compare_phenotypes.shuffle.Rd#L  9   rank_matrix,...
man/infer.compare_phenotypes.shuffle.Rd#L 10   combined,...
man/infer.compare_phenotypes.shuffle.Rd#L 11   p1.size,...
man/infer.compare_phenotypes.shuffle.Rd#L 12   p2.size,...
man/infer.compare_phenotypes.shuffle.Rd#L 13   replace = TRUE...
man/INFER.Rd#L  9   expression,...
man/INFER.Rd#L 10   gene_network_list,...
man/INFER.Rd#L 11   phenotype1,...
man/INFER.Rd#L 12   phenotype2,...
man/INFER.Rd#L 13   bootstrap_iterations = 1000,...
man/INFER.Rd#L 14   parallel = TRUE,...
man/INFER.Rd#L 15   cores = 4,...
man/INFER.Rd#L 16   replace = TRUE,...
man/INFER.Rd#L 17   seed = NULL,...
man/INFER.Rd#L 18   as.frame = TRUE...
man/race.compare_phenotypes.Rd#L  9   gene_network,...
man/race.compare_phenotypes.Rd#L 10   expression,...
man/race.compare_phenotypes.Rd#L 11   phenotype1,...
man/race.compare_phenotypes.Rd#L 12   phenotype2,...
man/race.compare_phenotypes.Rd#L 13   bootstrap_iterations = 1000,...
man/race.compare_phenotypes.Rd#L 14   parallel = TRUE,...
man/race.compare_phenotypes.Rd#L 15   cores = 4,...
man/race.compare_phenotypes.Rd#L 16   replace = TRUE,...
man/race.compare_phenotypes.Rd#L 17   seed = NULL...
man/race.compare_phenotypes.shuffle.Rd#L  8   i,...
man/race.compare_phenotypes.shuffle.Rd#L  9   expression.gene_network,...
man/race.compare_phenotypes.shuffle.Rd#L 10   combined,...
man/race.compare_phenotypes.shuffle.Rd#L 11   p1.size,...
man/race.compare_phenotypes.shuffle.Rd#L 12   p2.size,...
man/race.compare_phenotypes.shuffle.Rd#L 13   replace = TRUE...
man/RACE.Rd#L  8   expression,...
man/RACE.Rd#L  9   gene_network_list,...
man/RACE.Rd#L 10   phenotype1,...
man/RACE.Rd#L 11   phenotype2,...
man/RACE.Rd#L 12   bootstrap_iterations = 1000,...
man/RACE.Rd#L 13   parallel = TRUE,...
man/RACE.Rd#L 14   cores = 4,...
man/RACE.Rd#L 15   replace = TRUE,...
man/RACE.Rd#L 16   seed = NULL,...
man/RACE.Rd#L 17   as.frame = TRUE...
* Checking for deprecated package usage... OK
* Checking for remote package usage... OK
* Checking for 'LazyData: true' usage... OK
* Checking version number... OK
* Checking version number validity... OK
* Checking R version dependency... OK
* Checking package size... OK
* Checking individual file sizes... OK
* Checking biocViews... OK
* Checking that biocViews are present... OK
* Checking package type based on biocViews... OK
* Checking for non-trivial biocViews... OK
* Checking that biocViews come from the same category... OK
* Checking biocViews validity... OK
* Checking for recommended biocViews...
* NOTE: Consider adding these automatically suggested biocViews: GeneExpression, Network
* Checking build system compatibility... OK
* Checking for blank lines in DESCRIPTION... OK
* Checking if DESCRIPTION is well formatted... OK
* Checking for proper Description: field...
* NOTE: The Description field in the DESCRIPTION is made up by less than 3 sentences. Please consider expanding this field, and structure it as a full paragraph
* Checking for whitespace in DESCRIPTION field names... OK
* Checking that Package field matches directory/tarball name... OK
* Checking for Version field... OK
* Checking for valid maintainer... OK
* Checking License: for restrictive use... OK
* Checking for pinned package versions... OK
* Checking DESCRIPTION/NAMESPACE consistency...
* WARNING: Import BiocParallel, SummarizedExperiment, SingleCellExperiment in NAMESPACE as well as DESCRIPTION.
* Checking .Rbuildignore... OK
* Checking for stray BiocCheck output folders... OK
* Checking vignette directory...
* ERROR: No 'vignettes' directory.
* Checking package installation calls in R code... OK
* Checking for library/require of Gnat... OK
* Checking coding practice...
* NOTE:  Avoid sapply(); use vapply()
Found in files:
R/bootstrap_score.R (line  39, column 20)
R/bootstrap_score.R (line  40, column 20)
R/bootstrap_score.R (line  41, column 31)
R/crane.R (line  53, column 13)
R/crane.R (line  55, column 13)
R/crane.R (line  56, column 37)
R/crane.R (line  59, column 26)
R/dirac.R (line 120, column 24)
R/dirac.R (line 121, column 24)
R/dirac.R (line 122, column 37)
R/dirac.R (line 126, column 26)
R/infer.R (line  63, column 33)
R/infer.R (line  64, column 33)
R/infer.R (line  65, column 24)
R/infer.R (line  66, column 26)
R/race.R (line  60, column 42)
R/race.R (line  63, column 42)
R/race.R (line  66, column 26)
R/race.R (line  67, column 25)
R/utils.R (line  13, column 27)
* NOTE:  Avoid 1:...; use seq_len() or seq_along()
Found in files:
crane.R (line 211, column 46)
crane.R (line 232, column 52)
crane.R (line 248, column 30)
datagen.R (line 49, column 15)
datagen.R (line 80, column 15)
datagen.R (line 174, column 15)
datagen.R (line 215, column 15)
dirac.R (line 784, column 42)
dirac.R (line 809, column 48)
dirac.R (line 824, column 30)
infer.R (line 323, column 46)
infer.R (line 344, column 48)
infer.R (line 360, column 30)
race.R (line 231, column 46)
race.R (line 251, column 48)
race.R (line 266, column 30)
utils.R (line 14, column 13)
* WARNING:  Remove set.seed usage (found 8 times)
set.seed() in R/crane.R (line 209, column 13)
set.seed() in R/crane.R (line 247, column  9)
set.seed() in R/dirac.R (line 783, column  9)
set.seed() in R/dirac.R (line 823, column  9)
set.seed() in R/infer.R (line 321, column 13)
set.seed() in R/infer.R (line 359, column  9)
set.seed() in R/race.R (line 229, column 13)
set.seed() in R/race.R (line 265, column  9)
* Checking parsed R code in R directory, examples, vignettes... OK
* Checking function lengths...
* NOTE: The recommended function length is 50 lines or less. There are 76 functions greater than 50 lines.
The longest 5 functions are:
infer.compare_phenotypes() (R/infer.R): 94 lines
dirac.compare_phenotype() (R/dirac.R): 93 lines
crane.compare_phenotypes() (R/crane.R): 87 lines
race.compare_phenotypes() (R/race.R): 83 lines
DIRAC.classifier() (R/dirac.R): 72 lines
* Checking man page documentation...
* ERROR: At least 80% of man pages documenting exported objects must have runnable examples.
The following pages do not:
crane.compare_phenotypes.Rd
crane.compare_phenotypes.shuffle.Rd
crane.compare_phenotypes.single.Rd
crane.mean_centroid_distance.Rd
crane.rank_matrix.Rd
CRANE.Rd
datagen.dropout.Rd
datagen.generate.Rd
datagen.noise.Rd
datagen.ordered.matrix.Rd
datagen.ordered.vector.Rd
datagen.swap.Rd
datagen.unordered.matrix.Rd
datagen.unordered.vector.Rd
dirac.classification_rate.best.Rd
dirac.classification_rate.compare.Rd
dirac.classification_rate.Rd
DIRAC.classifier.Rd
DIRAC.compare_network_classification.Rd
dirac.compare_phenotype.Rd
dirac.compare_phenotype.shuffle.Rd
dirac.compare_phenotype.single.Rd
DIRAC.compare_phenotypes.Rd
infer.compare_phenotypes.Rd
infer.compare_phenotypes.shuffle.Rd
infer.compare_phenotypes.single.Rd
infer.gene.entropy.Rd
infer.gene_network.entropy.Rd
infer.rank_matrix.Rd
INFER.Rd
race.compare_phenotypes.Rd
race.compare_phenotypes.shuffle.Rd
race.compare_phenotypes.single.Rd
RACE.Rd
* Checking package NEWS...
* NOTE: Consider adding a NEWS file, so your package news will be included in Bioconductor release announcements.
* Checking unit tests... OK
* Checking skip_on_bioc() in tests... OK
* Checking formatting of DESCRIPTION, NAMESPACE, man pages, R source, and vignette source...
* NOTE: Consider shorter lines; 40 lines (1%) are > 80 characters long.
First few lines:
R/crane.R#L 39     gene_network_list <- ensure_named(ge...
R/crane.R#L203         cores <- if (parallel::detectCor...
R/datagen.R#L 83         expression[genes[1], sample_list...
R/datagen.R#L105     noise.matrix <- matrix(dist(ngenes *...
R/datagen.R#L127     drop.index <- sample(ngenes * nsampl...
R/dirac.R#L 69 #' @param bootstrap_iterations Number of...
R/dirac.R#L105     gene_network_list <- ensure_named(ge...
R/dirac.R#L120         p1.rci_list <- sapply(res_list, ...
R/dirac.R#L121         p2.rci_list <- sapply(res_list, ...
R/dirac.R#L163 #' @param names optional Character vecto...
R/dirac.R#L541         cores <- if (parallel::detectCor...
R/dirac.R#L568                 unlist(parallel::parLapp...
R/dirac.R#L622                                         ...
R/dirac.R#L645 dirac.compare_phenotype.single <- functi...
R/dirac.R#L773     # Calculate the absolute difference ...
R/dirac.R#L778         cores <- if (parallel::detectCor...
R/dirac.R#L824         res <- unlist(lapply(1:bootstrap...
R/infer.R#L 49     gene_network_list <- ensure_named(ge...
R/infer.R#L288                                      boo...
R/infer.R#L315         cores <- if (parallel::detectCor...
R/race.R#L 46     gene_network_list <- ensure_named(ge...
R/race.R#L205                                     boot...
R/race.R#L223         cores <- if (parallel::detectCor...
man/datagen.unordered.matrix.Rd#L  5 \title{Generate unordered expression mat...
man/datagen.unordered.vector.Rd#L  5 \title{Generate unordered expression vec...
man/dirac.classification_rate.compare.Rd#L 47 \code{dirac.classification_rate.compare}...
man/DIRAC.classifier.Rd#L 39 \item{names}{optional Character vector w...
man/dirac.compare_phenotype.shuffle.Rd#L 40 \code{dirac.compare_phenotype.shuffle}co...
man/dirac.compare_phenotype.single.Rd#L 21 \code{dirac.compare_phenotype.single}com...
man/DIRAC.compare_phenotypes.Rd#L 58 \code{p2.rank_conservation_index}, \code...
man/DIRAC.compare_phenotypes.Rd#L 62 \verb{$p2.rank_conservation_index}, \ver...
man/DIRAC.compare_phenotypes.Rd#L 66 \code{DIRAC.compare_phenotypes} computes...
man/dirac.rank_matching_score.vector.Rd#L 19 \code{dirac.rank_matching_score.vector} ...
man/dirac.rank_template.Rd#L 16 \code{dirac.rank_template} creates a DIR...
man/Gnat-package.Rd#L  9 Functions for evaluating the rank entrop...
man/Gnat-package.Rd#L 12 \strong{Maintainer}: Braden Griebel \ema...
man/infer.compare_phenotypes.Rd#L  5 \title{Compute the rank entropy differen...
man/infer.compare_phenotypes.shuffle.Rd#L  5 \title{Find the absolute difference betw...
man/infer.compare_phenotypes.single.Rd#L  5 \title{Calculate the absolute difference...
man/race.compare_phenotypes.single.Rd#L 22 \code{race.compare_phenotypes.single} co...
* NOTE: Consider multiples of 4 spaces for line indents; 185 lines (5%) are not.
First few lines:
R/bootstrap_score.R#L 23                               phenotype2...
R/bootstrap_score.R#L 24                               bootstrapI...
R/bootstrap_score.R#L 25                               replace = ...
R/bootstrap_score.R#L 82                                       sc...
R/bootstrap_score.R#L126                            score_fun, re...
R/bootstrap_score.R#L163                            phenotype1, p...
R/bootstrap_score.R#L164                            replace = TRU...
R/crane.R#L 36                   bootstrap_iterations =...
R/crane.R#L 37                   replace = TRUE, seed =...
R/crane.R#L145                                         ...
R/crane.R#L183                                      phe...
R/crane.R#L184                                      par...
R/crane.R#L185                                      see...
R/datagen.R#L 34                              nsamples.to...
R/dirac.R#L 42                                         ...
R/dirac.R#L 43                                         ...
R/dirac.R#L 44                                         ...
R/dirac.R#L101                                      phe...
R/dirac.R#L102                                      par...
R/dirac.R#L103                                      see...
R/dirac.R#L173                              return = "i...
R/dirac.R#L174                              names = c("...
R/dirac.R#L270                               expression...
R/dirac.R#L271                               matrix.ind...
R/dirac.R#L482                                       ph...
R/dirac.R#L537                                         ...
R/dirac.R#L538                                         ...
R/dirac.R#L539                                         ...
R/dirac.R#L622                                         ...
R/infer.R#L 44                   phenotype1, phenotype2...
R/infer.R#L 45                   bootstrap_iterations =...
R/infer.R#L 46                   parallel = TRUE,...
R/infer.R#L 47                   cores = 4, replace = T...
R/infer.R#L165                                phenotype...
R/infer.R#L243                                         ...
R/infer.R#L287                                      phe...
R/infer.R#L288                                      boo...
R/infer.R#L289                                      cor...
R/race.R#L 42                  phenotype1, phenotype2,...
R/race.R#L 43                  parallel = TRUE, cores ...
R/race.R#L 44                  as.frame = TRUE) {...
R/race.R#L119                                         ...
man/crane.compare_phenotypes.Rd#L  8   gene_network,...
man/crane.compare_phenotypes.Rd#L  9   expression,...
man/crane.compare_phenotypes.Rd#L 10   phenotype1,...
man/crane.compare_phenotypes.Rd#L 11   phenotype2,...
man/crane.compare_phenotypes.Rd#L 12   bootstrap_iterations = 1000,...
man/crane.compare_phenotypes.Rd#L 13   parallel = TRUE,...
man/crane.compare_phenotypes.Rd#L 14   cores = 4,...
man/crane.compare_phenotypes.Rd#L 15   replace = TRUE,...
man/crane.compare_phenotypes.Rd#L 16   seed = NULL...
man/crane.compare_phenotypes.shuffle.Rd#L  8   i,...
man/crane.compare_phenotypes.shuffle.Rd#L  9   rank_matrix,...
man/crane.compare_phenotypes.shuffle.Rd#L 10   combined,...
man/crane.compare_phenotypes.shuffle.Rd#L 11   p1.size,...
man/crane.compare_phenotypes.shuffle.Rd#L 12   p2.size,...
man/crane.compare_phenotypes.shuffle.Rd#L 13   replace = TRUE...
man/CRANE.Rd#L  8   expression,...
man/CRANE.Rd#L  9   gene_network_list,...
man/CRANE.Rd#L 10   phenotype1,...
man/CRANE.Rd#L 11   phenotype2,...
man/CRANE.Rd#L 12   bootstrap_iterations = 1000,...
man/CRANE.Rd#L 13   parallel = TRUE,...
man/CRANE.Rd#L 14   cores = 4,...
man/CRANE.Rd#L 15   replace = TRUE,...
man/CRANE.Rd#L 16   seed = NULL,...
man/CRANE.Rd#L 17   as.frame = TRUE...
man/datagen.generate.Rd#L  8   ngenes.ordered,...
man/datagen.generate.Rd#L  9   ngenes.total,...
man/datagen.generate.Rd#L 10   nsamples.ordered,...
man/datagen.generate.Rd#L 11   nsamples.total,...
man/datagen.generate.Rd#L 12   dist,...
man/datagen.generate.Rd#L 13   reorder.genes = TRUE,...
man/datagen.generate.Rd#L 14   ......
man/dirac.classification_rate.best.Rd#L  8   expression,...
man/dirac.classification_rate.best.Rd#L  9   phenotype1,...
man/dirac.classification_rate.best.Rd#L 10   phenotype2,...
man/dirac.classification_rate.best.Rd#L 11   gene_index,...
man/dirac.classification_rate.best.Rd#L 12   parallel = TRUE,...
man/dirac.classification_rate.best.Rd#L 13   cores = 4...
man/dirac.classification_rate.compare.Rd#L  8   expression,...
man/dirac.classification_rate.compare.Rd#L  9   phenotype1,...
man/dirac.classification_rate.compare.Rd#L 10   phenotype2,...
man/dirac.classification_rate.compare.Rd#L 11   gene_index,...
man/dirac.classification_rate.compare.Rd#L 12   parallel = TRUE,...
man/dirac.classification_rate.compare.Rd#L 13   cores = 4,...
man/dirac.classification_rate.compare.Rd#L 14   as.frame = FALSE...
man/DIRAC.classifier.Rd#L  8   expression,...
man/DIRAC.classifier.Rd#L  9   phenotype1,...
man/DIRAC.classifier.Rd#L 10   phenotype2,...
man/DIRAC.classifier.Rd#L 11   gene_index,...
man/DIRAC.classifier.Rd#L 12   return = "is phenotype1",...
man/DIRAC.classifier.Rd#L 13   names = c("phenotype1", "phenotype2")...
man/DIRAC.compare_network_classification.Rd#L  8   expression,...
man/DIRAC.compare_network_classification.Rd#L  9   phenotype1,...
man/DIRAC.compare_network_classification.Rd#L 10   phenotype2,...
man/DIRAC.compare_network_classification.Rd#L 11   gene_network_list,...
man/DIRAC.compare_network_classification.Rd#L 12   parallel = TRUE,...
man/DIRAC.compare_network_classification.Rd#L 13   cores = 4,...
man/DIRAC.compare_network_classification.Rd#L 14   as.frame = FALSE...
man/dirac.compare_phenotype.Rd#L  8   gene_index,...
man/dirac.compare_phenotype.Rd#L  9   expression,...
man/dirac.compare_phenotype.Rd#L 10   phenotype1,...
man/dirac.compare_phenotype.Rd#L 11   phenotype2,...
man/dirac.compare_phenotype.Rd#L 12   bootstrap_iterations = 1000,...
man/dirac.compare_phenotype.Rd#L 13   parallel = TRUE,...
man/dirac.compare_phenotype.Rd#L 14   cores = 4,...
man/dirac.compare_phenotype.Rd#L 15   replace = TRUE,...
man/dirac.compare_phenotype.Rd#L 16   seed = NULL...
man/dirac.compare_phenotype.shuffle.Rd#L  8   i,...
man/dirac.compare_phenotype.shuffle.Rd#L  9   rank_matrix,...
man/dirac.compare_phenotype.shuffle.Rd#L 10   combined,...
man/dirac.compare_phenotype.shuffle.Rd#L 11   p1.size,...
man/dirac.compare_phenotype.shuffle.Rd#L 12   p2.size,...
man/dirac.compare_phenotype.shuffle.Rd#L 13   replace = TRUE...
man/DIRAC.compare_phenotypes.Rd#L  8   expression,...
man/DIRAC.compare_phenotypes.Rd#L  9   gene_network_list,...
man/DIRAC.compare_phenotypes.Rd#L 10   phenotype1,...
man/DIRAC.compare_phenotypes.Rd#L 11   phenotype2,...
man/DIRAC.compare_phenotypes.Rd#L 12   bootstrap_iterations = 1000,...
man/DIRAC.compare_phenotypes.Rd#L 13   parallel = TRUE,...
man/DIRAC.compare_phenotypes.Rd#L 14   cores = 4,...
man/DIRAC.compare_phenotypes.Rd#L 15   replace = TRUE,...
man/DIRAC.compare_phenotypes.Rd#L 16   seed = NULL,...
man/DIRAC.compare_phenotypes.Rd#L 17   as.frame = TRUE...
man/dirac.rank_difference_score.Rd#L 31  c(2,3), gene_index=c(1,2,4))...
man/dirac.rank_matching_score.Rd#L 23  dirac.rank_matching_score(c(1,0,0,1,0),...
man/entropy.matrix.Rd#L 23   # Create an example matrix...
man/entropy.matrix.Rd#L 24   example_matrix <- matrix(rnorm(4*4), n...
man/entropy.matrix.Rd#L 25   # Print result vector...
man/entropy.matrix.Rd#L 26   print(entropy.matrix(example_matrix, 2...
man/entropy.vector.Rd#L 20   # Create an example vector...
man/entropy.vector.Rd#L 21   example_vector <- c(1,2,3,2,1,2,3,4,5,...
man/entropy.vector.Rd#L 22   # Print the entropy of the vector...
man/entropy.vector.Rd#L 23   print(entropy.vector(example_vector))...
man/infer.compare_phenotypes.Rd#L  9   gene_network,...
man/infer.compare_phenotypes.Rd#L 10   expression,...
man/infer.compare_phenotypes.Rd#L 11   phenotype1,...
man/infer.compare_phenotypes.Rd#L 12   phenotype2,...
man/infer.compare_phenotypes.Rd#L 13   bootstrap_iterations = 1000,...
man/infer.compare_phenotypes.Rd#L 14   parallel = TRUE,...
man/infer.compare_phenotypes.Rd#L 15   cores = 4,...
man/infer.compare_phenotypes.Rd#L 16   replace = TRUE,...
man/infer.compare_phenotypes.Rd#L 17   seed = NULL...
man/infer.compare_phenotypes.shuffle.Rd#L  8   i,...
man/infer.compare_phenotypes.shuffle.Rd#L  9   rank_matrix,...
man/infer.compare_phenotypes.shuffle.Rd#L 10   combined,...
man/infer.compare_phenotypes.shuffle.Rd#L 11   p1.size,...
man/infer.compare_phenotypes.shuffle.Rd#L 12   p2.size,...
man/infer.compare_phenotypes.shuffle.Rd#L 13   replace = TRUE...
man/INFER.Rd#L  9   expression,...
man/INFER.Rd#L 10   gene_network_list,...
man/INFER.Rd#L 11   phenotype1,...
man/INFER.Rd#L 12   phenotype2,...
man/INFER.Rd#L 13   bootstrap_iterations = 1000,...
man/INFER.Rd#L 14   parallel = TRUE,...
man/INFER.Rd#L 15   cores = 4,...
man/INFER.Rd#L 16   replace = TRUE,...
man/INFER.Rd#L 17   seed = NULL,...
man/INFER.Rd#L 18   as.frame = TRUE...
man/race.compare_phenotypes.Rd#L  9   gene_network,...
man/race.compare_phenotypes.Rd#L 10   expression,...
man/race.compare_phenotypes.Rd#L 11   phenotype1,...
man/race.compare_phenotypes.Rd#L 12   phenotype2,...
man/race.compare_phenotypes.Rd#L 13   bootstrap_iterations = 1000,...
man/race.compare_phenotypes.Rd#L 14   parallel = TRUE,...
man/race.compare_phenotypes.Rd#L 15   cores = 4,...
man/race.compare_phenotypes.Rd#L 16   replace = TRUE,...
man/race.compare_phenotypes.Rd#L 17   seed = NULL...
man/race.compare_phenotypes.shuffle.Rd#L  8   i,...
man/race.compare_phenotypes.shuffle.Rd#L  9   expression.gene_network,...
man/race.compare_phenotypes.shuffle.Rd#L 10   combined,...
man/race.compare_phenotypes.shuffle.Rd#L 11   p1.size,...
man/race.compare_phenotypes.shuffle.Rd#L 12   p2.size,...
man/race.compare_phenotypes.shuffle.Rd#L 13   replace = TRUE...
man/RACE.Rd#L  8   expression,...
man/RACE.Rd#L  9   gene_network_list,...
man/RACE.Rd#L 10   phenotype1,...
man/RACE.Rd#L 11   phenotype2,...
man/RACE.Rd#L 12   bootstrap_iterations = 1000,...
man/RACE.Rd#L 13   parallel = TRUE,...
man/RACE.Rd#L 14   cores = 4,...
man/RACE.Rd#L 15   replace = TRUE,...
man/RACE.Rd#L 16   seed = NULL,...
man/RACE.Rd#L 17   as.frame = TRUE...
* Checking if package already exists in CRAN... OK
* Checking for bioc-devel mailing list subscription...
* NOTE: Cannot determine whether maintainer is subscribed to the Bioc-Devel mailing list (requires admin credentials). Subscribe here: https://stat.ethz.ch/mailman/listinfo/bioc-devel
* Checking for support site registration...
* ERROR: Maintainer must register at the support site; visit https://support.bioconductor.org/accounts/signup/
